<?xml version="1.0" encoding="UTF-8"?>
<!-- Generated by org.testng.reporters.JUnitReportReporter -->
<testsuite hostname="USHYDNAYNAREND3" failures="0" tests="1" name="Set2A.Set2A_Question1" time="64.921" errors="0" timestamp="2021-08-08T18:18:09 IST" skipped="0">
  <testcase classname="Set2A.Set2A_Question1" name="test" time="64.921"/>
  <system-out/>
</testsuite> <!-- Set2A.Set2A_Question1 -->
