<?xml version="1.0" encoding="UTF-8"?>
<!-- Generated by org.testng.reporters.JUnitReportReporter -->
<testsuite hostname="USHYDNAYNAREND3" failures="0" tests="1" name="com.testing.cpsat.mock.Program1" time="47.777" errors="0" timestamp="2021-08-06T13:39:26 IST" skipped="0">
  <testcase classname="com.testing.cpsat.mock.Program1" name="Test1" time="47.777"/>
  <system-out/>
</testsuite> <!-- com.testing.cpsat.mock.Program1 -->
