<?xml version="1.0" encoding="UTF-8"?>
<!-- Generated by org.testng.reporters.JUnitReportReporter -->
<testsuite hostname="USHYDNAYNAREND3" failures="0" tests="1" name="Set5.Set5_Question1" time="23.916" errors="0" timestamp="2021-08-12T15:14:39 IST" skipped="0">
  <testcase classname="Set5.Set5_Question1" name="test" time="23.916"/>
  <system-out/>
</testsuite> <!-- Set5.Set5_Question1 -->
