<?xml version="1.0" encoding="UTF-8"?>
<!-- Generated by org.testng.reporters.JUnitReportReporter -->
<testsuite hostname="USHYDNAYNAREND3" failures="0" tests="1" name="Set1B.Set1B_Question2" time="129.390" errors="0" timestamp="2021-08-07T22:07:34 IST" skipped="0">
  <testcase classname="Set1B.Set1B_Question2" name="test" time="129.390"/>
  <system-out/>
</testsuite> <!-- Set1B.Set1B_Question2 -->
