<?xml version="1.0" encoding="UTF-8"?>
<!-- Generated by org.testng.reporters.JUnitReportReporter -->
<testsuite hostname="USHYDNAYNAREND3" failures="0" tests="1" name="Set1A.Set1A_Question1" time="105.833" errors="0" timestamp="2021-09-22T10:40:44 IST" skipped="0">
  <testcase classname="Set1A.Set1A_Question1" name="Test1" time="105.833"/>
  <system-out/>
</testsuite> <!-- Set1A.Set1A_Question1 -->
