<?xml version="1.0" encoding="UTF-8"?>
<!-- Generated by org.testng.reporters.JUnitReportReporter -->
<testsuite hostname="USHYDNAYNAREND3" failures="0" tests="1" name="Set2B.Set2B_Question1" time="156.427" errors="0" timestamp="2021-08-08T18:24:15 IST" skipped="0">
  <testcase classname="Set2B.Set2B_Question1" name="test" time="156.427"/>
  <system-out/>
</testsuite> <!-- Set2B.Set2B_Question1 -->
