<?xml version="1.0" encoding="UTF-8"?>
<!-- Generated by org.testng.reporters.JUnitReportReporter -->
<testsuite hostname="USHYDNAYNAREND3" failures="0" tests="1" name="Set5.Set5_Question2" time="15.415" errors="0" timestamp="2021-08-12T19:47:25 IST" skipped="0">
  <testcase classname="Set5.Set5_Question2" name="test" time="15.415"/>
  <system-out/>
</testsuite> <!-- Set5.Set5_Question2 -->
