<?xml version="1.0" encoding="UTF-8"?>
<!-- Generated by org.testng.reporters.JUnitReportReporter -->
<testsuite hostname="USHYDNAYNAREND3" failures="0" tests="1" name="Set1B.Set1B_Question1" time="52.421" errors="0" timestamp="2021-08-07T22:07:34 IST" skipped="0">
  <testcase classname="Set1B.Set1B_Question1" name="Test1" time="52.421"/>
  <system-out/>
</testsuite> <!-- Set1B.Set1B_Question1 -->
