<?xml version="1.0" encoding="UTF-8"?>
<!-- Generated by org.testng.reporters.JUnitReportReporter -->
<testsuite hostname="USHYDNAYNAREND3" failures="0" tests="1" name="Set6.Set6_Question1" time="68.864" errors="0" timestamp="2021-08-12T23:05:37 IST" skipped="0">
  <testcase classname="Set6.Set6_Question1" name="method2" time="68.864"/>
  <system-out/>
</testsuite> <!-- Set6.Set6_Question1 -->
