<?xml version="1.0" encoding="UTF-8"?>
<!-- Generated by org.testng.reporters.JUnitReportReporter -->
<testsuite hostname="USHYDNAYNAREND3" failures="0" tests="1" name="Set3.Set3_Question3" time="27.246" errors="0" timestamp="2021-09-03T16:56:24 IST" skipped="0">
  <testcase classname="Set3.Set3_Question3" name="method2" time="27.246"/>
  <system-out/>
</testsuite> <!-- Set3.Set3_Question3 -->
