<?xml version="1.0" encoding="UTF-8"?>
<!-- Generated by org.testng.reporters.JUnitReportReporter -->
<testsuite hostname="USHYDNAYNAREND3" failures="0" tests="1" name="Set2A.Set2A_Question4" time="24.188" errors="0" timestamp="2021-08-08T16:26:19 IST" skipped="0">
  <testcase classname="Set2A.Set2A_Question4" name="test" time="24.188"/>
  <system-out/>
</testsuite> <!-- Set2A.Set2A_Question4 -->
