<?xml version="1.0" encoding="UTF-8"?>
<!-- Generated by org.testng.reporters.JUnitReportReporter -->
<testsuite hostname="USHYDNAYNAREND3" failures="0" tests="1" name="com.testing.cpsat.mock.Set1A_Question1" time="55.273" errors="0" timestamp="2021-08-07T18:17:48 IST" skipped="0">
  <testcase classname="com.testing.cpsat.mock.Set1A_Question1" name="Test1" time="55.273"/>
  <system-out/>
</testsuite> <!-- com.testing.cpsat.mock.Set1A_Question1 -->
