<?xml version="1.0" encoding="UTF-8"?>
<!-- Generated by org.testng.reporters.JUnitReportReporter -->
<testsuite hostname="USHYDNAYNAREND3" failures="0" tests="1" name="BenefitsCal.CreateAccountandLogin" time="107.888" errors="0" timestamp="22 Nov 2021 17:06:39 GMT" skipped="0">
  <testcase classname="BenefitsCal.CreateAccountandLogin" name="testCase1" time="107.888"/>
</testsuite> <!-- BenefitsCal.CreateAccountandLogin -->
