<?xml version="1.0" encoding="UTF-8"?>
<!-- Generated by org.testng.reporters.JUnitReportReporter -->
<testsuite hostname="USHYDNAYNAREND3" failures="0" tests="1" name="BenefitsCal.Login" time="70.353" errors="0" timestamp="23 Nov 2021 06:32:52 GMT" skipped="0">
  <testcase classname="BenefitsCal.Login" name="login" time="70.353"/>
</testsuite> <!-- BenefitsCal.Login -->
