<?xml version="1.0" encoding="UTF-8"?>
<!-- Generated by org.testng.reporters.JUnitReportReporter -->
<testsuite hostname="USHYDNAYNAREND3" failures="0" tests="1" name="com.testing.cpsat.mock.ToolTip" time="13.042" errors="0" timestamp="2021-08-05T23:13:12 IST" skipped="0">
  <testcase classname="com.testing.cpsat.mock.ToolTip" name="takeScreenShotToolTip" time="13.042"/>
  <system-out/>
</testsuite> <!-- com.testing.cpsat.mock.ToolTip -->
