<?xml version="1.0" encoding="UTF-8"?>
<!-- Generated by org.testng.reporters.JUnitReportReporter -->
<testsuite hostname="USHYDNAYNAREND3" failures="0" tests="1" name="MockExam_2.Question_4" time="75.666" errors="0" timestamp="2021-09-19T16:36:05 IST" skipped="0">
  <testcase classname="MockExam_2.Question_4" name="testCase1" time="75.666"/>
  <system-out/>
</testsuite> <!-- MockExam_2.Question_4 -->
