<?xml version="1.0" encoding="UTF-8"?>
<!-- Generated by org.testng.reporters.JUnitReportReporter -->
<testsuite hostname="USHYDNAYNAREND3" failures="0" tests="1" name="Oct_2019.Question5" time="36.611" errors="0" timestamp="2021-08-16T22:25:11 IST" skipped="0">
  <testcase classname="Oct_2019.Question5" name="testCase1" time="36.611"/>
  <system-out/>
</testsuite> <!-- Oct_2019.Question5 -->
