<?xml version="1.0" encoding="UTF-8"?>
<!-- Generated by org.testng.reporters.JUnitReportReporter -->
<testsuite hostname="USHYDNAYNAREND3" failures="0" tests="1" name="Oct_2019.Question1" time="39.577" errors="0" timestamp="2021-08-14T19:39:49 IST" skipped="0">
  <testcase classname="Oct_2019.Question1" name="testCase1" time="39.577"/>
  <system-out/>
</testsuite> <!-- Oct_2019.Question1 -->
