<?xml version="1.0" encoding="UTF-8"?>
<!-- Generated by org.testng.reporters.JUnitReportReporter -->
<testsuite hostname="USHYDNAYNAREND3" failures="0" tests="1" name="Set3.Set3_Question4" time="145.926" errors="0" timestamp="2021-08-10T18:57:53 IST" skipped="0">
  <testcase classname="Set3.Set3_Question4" name="Test1" time="145.926"/>
  <system-out/>
</testsuite> <!-- Set3.Set3_Question4 -->
