<?xml version="1.0" encoding="UTF-8"?>
<!-- Generated by org.testng.reporters.JUnitReportReporter -->
<testsuite hostname="USHYDNAYNAREND3" failures="0" tests="1" name="Set4.Set4_Question1" time="41.690" errors="0" timestamp="2021-08-10T20:36:09 IST" skipped="0">
  <testcase classname="Set4.Set4_Question1" name="method2" time="41.690"/>
  <system-out/>
</testsuite> <!-- Set4.Set4_Question1 -->
