<?xml version="1.0" encoding="UTF-8"?>
<!-- Generated by org.testng.reporters.JUnitReportReporter -->
<testsuite hostname="USHYDNAYNAREND3" failures="0" tests="1" name="Set3.Set3_Question1" time="15.023" errors="0" timestamp="2021-08-09T20:08:32 IST" skipped="0">
  <testcase classname="Set3.Set3_Question1" name="test" time="15.023"/>
  <system-out/>
</testsuite> <!-- Set3.Set3_Question1 -->
