<?xml version="1.0" encoding="UTF-8"?>
<!-- Generated by org.testng.reporters.JUnitReportReporter -->
<testsuite hostname="USHYDNAYNAREND3" failures="0" tests="5" name="MockExam_1.Question_2" time="117.382" errors="0" timestamp="2021-09-06T14:00:11 IST" skipped="0">
  <testcase classname="MockExam_1.Question_2" name="test_4" time="23.256"/>
  <system-out/>
  <testcase classname="MockExam_1.Question_2" name="test_1" time="24.591"/>
  <system-out/>
  <testcase classname="MockExam_1.Question_2" name="test_2" time="22.936"/>
  <system-out/>
  <testcase classname="MockExam_1.Question_2" name="test_3" time="23.420"/>
  <system-out/>
  <testcase classname="MockExam_1.Question_2" name="test_5" time="23.179"/>
  <system-out/>
</testsuite> <!-- MockExam_1.Question_2 -->
