<?xml version="1.0" encoding="UTF-8"?>
<!-- Generated by org.testng.reporters.JUnitReportReporter -->
<testsuite hostname="USHYDNAYNAREND3" failures="0" tests="1" name="MockExam_1.Question_4" time="106.502" errors="0" timestamp="2021-09-06T13:14:09 IST" skipped="0">
  <testcase classname="MockExam_1.Question_4" name="testCase1" time="106.502"/>
  <system-out/>
</testsuite> <!-- MockExam_1.Question_4 -->
