<?xml version="1.0" encoding="UTF-8"?>
<!-- Generated by org.testng.reporters.JUnitReportReporter -->
<testsuite hostname="USHYDNAYNAREND3" failures="0" tests="1" name="Oct_2019.Question2" time="53.877" errors="0" timestamp="2021-08-14T21:22:37 IST" skipped="0">
  <testcase classname="Oct_2019.Question2" name="testCase1" time="53.877"/>
  <system-out/>
</testsuite> <!-- Oct_2019.Question2 -->
