<?xml version="1.0" encoding="UTF-8"?>
<!-- Generated by org.testng.reporters.JUnitReportReporter -->
<testsuite hostname="USHYDNAYNAREND3" failures="0" tests="1" name="MockExam_2.Question_1" time="53.447" errors="0" timestamp="02 Oct 2021 14:31:19 GMT" skipped="0">
  <testcase classname="MockExam_2.Question_1" name="testCase1" time="53.447"/>
</testsuite> <!-- MockExam_2.Question_1 -->
