<?xml version="1.0" encoding="UTF-8"?>
<!-- Generated by org.testng.reporters.JUnitReportReporter -->
<testsuite hostname="USHYDNAYNAREND3" failures="0" tests="5" name="MockExam_2.DataProviderTest" time="0.028" errors="0" timestamp="2021-09-20T22:02:07 IST" skipped="0">
  <testcase classname="MockExam_2.DataProviderTest" name="testCase1" time="0.002"/>
  <system-out/>
  <testcase classname="MockExam_2.DataProviderTest" name="testCase1" time="0.018"/>
  <system-out/>
  <testcase classname="MockExam_2.DataProviderTest" name="testCase1" time="0.002"/>
  <system-out/>
  <testcase classname="MockExam_2.DataProviderTest" name="testCase1" time="0.004"/>
  <system-out/>
  <testcase classname="MockExam_2.DataProviderTest" name="testCase1" time="0.002"/>
  <system-out/>
</testsuite> <!-- MockExam_2.DataProviderTest -->
