<?xml version="1.0" encoding="UTF-8"?>
<!-- Generated by org.testng.reporters.JUnitReportReporter -->
<testsuite hostname="USHYDNAYNAREND3" failures="0" tests="1" name="com.testing.cpsat.mock.Program2" time="229.664" errors="0" timestamp="2021-08-07T15:08:49 IST" skipped="0">
  <testcase classname="com.testing.cpsat.mock.Program2" name="test" time="229.664"/>
  <system-out/>
</testsuite> <!-- com.testing.cpsat.mock.Program2 -->
